<?xml version="1.0" encoding="UTF-8"?>
<!-- Generated by org.testng.reporters.JUnitReportReporter -->
<testsuite hostname="Nishanth" failures="0" tests="2" name="com.makemytriptest.MakeMyTripData" time="161.349" errors="0" timestamp="2020-10-07T12:40:12 IST" skipped="0">
  <testcase classname="com.makemytriptest.MakeMyTripData" name="tearDown" time="12.189"/>
  <testcase classname="com.makemytriptest.MakeMyTripData" name="getMakeMyTripSite" time="149.160"/>
</testsuite> <!-- com.makemytriptest.MakeMyTripData -->
